{"C:\\Users\\Dani\\Documents\\Devco\\QA\\proyectos\\1-PunitConNode-jest\\src\\app.ts": {"path":"C:\\Users\\Dani\\Documents\\Devco\\QA\\proyectos\\1-PunitConNode-jest\\src\\app.ts","all":false,"statementMap":{"0":{"start":{"line":1,"column":0},"end":{"line":1,"column":34}},"1":{"start":{"line":2,"column":0},"end":{"line":2,"column":0}},"2":{"start":{"line":3,"column":0},"end":{"line":3,"column":43}},"3":{"start":{"line":4,"column":0},"end":{"line":4,"column":16}},"4":{"start":{"line":5,"column":0},"end":{"line":5,"column":1}},"5":{"start":{"line":6,"column":0},"end":{"line":6,"column":0}},"6":{"start":{"line":7,"column":0},"end":{"line":7,"column":0}},"7":{"start":{"line":8,"column":0},"end":{"line":8,"column":35}},"8":{"start":{"line":9,"column":0},"end":{"line":9,"column":21}},"9":{"start":{"line":10,"column":0},"end":{"line":10,"column":1}}},"s":{"0":1,"1":1,"2":1,"3":1,"4":1,"5":1,"6":1,"7":1,"8":1,"9":1},"branchMap":{"0":{"type":"branch","line":3,"loc":{"start":{"line":3,"column":0},"end":{"line":5,"column":1}},"locations":[{"start":{"line":3,"column":0},"end":{"line":5,"column":1}}]},"1":{"type":"branch","line":8,"loc":{"start":{"line":8,"column":0},"end":{"line":10,"column":1}},"locations":[{"start":{"line":8,"column":0},"end":{"line":10,"column":1}}]}},"b":{"0":[1],"1":[1]},"fnMap":{"0":{"name":"sum","decl":{"start":{"line":3,"column":0},"end":{"line":5,"column":1}},"loc":{"start":{"line":3,"column":0},"end":{"line":5,"column":1}},"line":3},"1":{"name":"isEven","decl":{"start":{"line":8,"column":0},"end":{"line":10,"column":1}},"loc":{"start":{"line":8,"column":0},"end":{"line":10,"column":1}},"line":8}},"f":{"0":1,"1":1}}
}
