TN:
SF:src\app.ts
FN:11,main
FNF:1
FNH:1
FNDA:2,main
DA:1,1
DA:2,1
DA:3,1
DA:4,1
DA:5,1
DA:6,1
DA:7,1
DA:8,1
DA:9,1
DA:10,1
DA:11,2
DA:12,2
DA:13,2
DA:14,0
DA:15,0
DA:16,0
DA:17,0
DA:18,0
DA:19,0
DA:20,0
DA:21,0
DA:22,0
DA:23,0
DA:24,2
DA:25,2
DA:26,2
DA:27,2
DA:28,2
DA:29,2
DA:30,2
DA:31,2
DA:32,2
LF:32
LH:22
BRDA:7,0,0,1
BRDA:7,1,0,1
BRDA:11,2,0,2
BRDA:13,3,0,0
BRF:4
BRH:3
end_of_record
TN:
SF:src\config\envs.ts
FNF:0
FNH:0
DA:1,1
DA:2,1
DA:3,1
DA:4,1
DA:5,1
DA:6,1
DA:7,1
DA:8,1
DA:9,1
DA:10,1
DA:11,1
DA:12,1
DA:13,1
LF:13
LH:13
BRF:0
BRH:0
end_of_record
TN:
SF:src\data\index.ts
FNF:0
FNH:0
DA:1,1
DA:2,1
DA:3,1
DA:4,1
LF:4
LH:4
BRF:0
BRH:0
end_of_record
TN:
SF:src\presentation\routes.ts
FN:7,get routes
FNF:1
FNH:1
FNDA:1,get routes
DA:1,1
DA:2,1
DA:3,1
DA:4,1
DA:5,1
DA:6,1
DA:7,1
DA:8,1
DA:9,1
DA:10,1
DA:11,0
DA:12,1
DA:13,1
DA:14,1
DA:15,1
DA:16,1
DA:17,1
DA:18,1
DA:19,1
DA:20,1
LF:20
LH:19
BRDA:7,0,0,1
BRF:1
BRH:1
end_of_record
TN:
SF:src\presentation\server.ts
FN:15,Server
FN:21,start
FN:32,close
FNF:3
FNH:3
FNDA:1,Server
FNDA:1,start
FNDA:1,close
DA:1,1
DA:2,1
DA:3,1
DA:4,1
DA:5,1
DA:6,1
DA:7,1
DA:8,1
DA:9,1
DA:10,1
DA:11,1
DA:12,1
DA:13,1
DA:14,1
DA:15,1
DA:16,1
DA:17,1
DA:18,1
DA:19,1
DA:20,1
DA:21,1
DA:22,1
DA:23,1
DA:24,1
DA:25,1
DA:26,1
DA:27,1
DA:28,1
DA:29,1
DA:30,1
DA:31,1
DA:32,1
DA:33,1
DA:34,1
DA:35,1
LF:35
LH:35
BRDA:15,0,0,1
BRDA:21,1,0,1
BRDA:27,2,0,1
BRDA:32,3,0,1
BRDA:33,4,0,0
BRF:5
BRH:4
end_of_record
TN:
SF:src\presentation\services\user.service.ts
FN:10,createUser
FN:27,findOneUser
FN:46,findAllUsers
FN:59,updateUsers
FN:74,deleteUser
FN:91,updateAmount
FN:106,updateQuantity
FNF:7
FNH:5
FNDA:1,createUser
FNDA:1,findOneUser
FNDA:1,findAllUsers
FNDA:1,updateUsers
FNDA:1,deleteUser
FNDA:0,updateAmount
FNDA:0,updateQuantity
DA:1,1
DA:2,1
DA:3,1
DA:4,1
DA:5,1
DA:6,1
DA:7,1
DA:8,1
DA:9,1
DA:10,1
DA:11,1
DA:12,1
DA:13,1
DA:14,1
DA:15,1
DA:16,1
DA:17,1
DA:18,1
DA:19,1
DA:20,1
DA:21,1
DA:22,0
DA:23,0
DA:24,1
DA:25,1
DA:26,1
DA:27,1
DA:28,1
DA:29,1
DA:30,1
DA:31,1
DA:32,1
DA:33,1
DA:34,1
DA:35,1
DA:36,1
DA:37,1
DA:38,1
DA:39,1
DA:40,1
DA:41,1
DA:42,1
DA:43,1
DA:44,1
DA:45,1
DA:46,1
DA:47,1
DA:48,1
DA:49,1
DA:50,1
DA:51,1
DA:52,1
DA:53,1
DA:54,1
DA:55,0
DA:56,0
DA:57,1
DA:58,1
DA:59,1
DA:60,1
DA:61,1
DA:62,1
DA:63,1
DA:64,1
DA:65,1
DA:66,1
DA:67,1
DA:68,1
DA:69,1
DA:70,0
DA:71,0
DA:72,1
DA:73,1
DA:74,1
DA:75,1
DA:76,1
DA:77,1
DA:78,1
DA:79,1
DA:80,1
DA:81,1
DA:82,1
DA:83,0
DA:84,0
DA:85,1
DA:86,1
DA:87,1
DA:88,1
DA:89,1
DA:90,1
DA:91,1
DA:92,0
DA:93,0
DA:94,0
DA:95,0
DA:96,0
DA:97,0
DA:98,0
DA:99,0
DA:100,0
DA:101,0
DA:102,0
DA:103,0
DA:104,0
DA:105,1
DA:106,1
DA:107,0
DA:108,0
DA:109,0
DA:110,0
DA:111,0
DA:112,0
DA:113,0
DA:114,0
DA:115,0
DA:116,0
DA:117,0
DA:118,0
DA:119,0
DA:120,1
DA:121,1
DA:122,1
LF:122
LH:88
BRDA:3,0,0,1
BRDA:10,1,0,1
BRDA:21,2,0,0
BRDA:27,3,0,1
BRDA:42,4,0,0
BRDA:46,5,0,1
BRDA:54,6,0,0
BRDA:59,7,0,1
BRDA:69,8,0,0
BRDA:74,9,0,1
BRDA:82,10,0,0
BRF:11
BRH:6
end_of_record
TN:
SF:src\presentation\services\videogame.service.ts
FN:8,VideogameService
FN:12,createVideogame
FN:31,findOneVideogame
FN:42,findAllVideogames
FN:53,updateVideogames
FN:70,deleteVideogame
FN:85,updateAmount
FN:100,updateQuantity
FNF:8
FNH:6
FNDA:2,VideogameService
FNDA:1,createVideogame
FNDA:1,findOneVideogame
FNDA:1,findAllVideogames
FNDA:1,updateVideogames
FNDA:1,deleteVideogame
FNDA:0,updateAmount
FNDA:0,updateQuantity
DA:1,1
DA:2,1
DA:3,1
DA:4,1
DA:5,1
DA:6,1
DA:7,1
DA:8,1
DA:9,2
DA:10,2
DA:11,1
DA:12,1
DA:13,1
DA:14,1
DA:15,1
DA:16,1
DA:17,1
DA:18,1
DA:19,1
DA:20,1
DA:21,1
DA:22,1
DA:23,1
DA:24,1
DA:25,1
DA:26,1
DA:27,0
DA:28,0
DA:29,1
DA:30,1
DA:31,1
DA:32,1
DA:33,1
DA:34,1
DA:35,1
DA:36,1
DA:37,1
DA:38,1
DA:39,1
DA:40,1
DA:41,1
DA:42,1
DA:43,1
DA:44,1
DA:45,1
DA:46,1
DA:47,1
DA:48,0
DA:49,0
DA:50,1
DA:51,1
DA:52,1
DA:53,1
DA:54,1
DA:55,1
DA:56,1
DA:57,1
DA:58,1
DA:59,1
DA:60,1
DA:61,1
DA:62,1
DA:63,1
DA:64,0
DA:65,0
DA:66,1
DA:67,1
DA:68,1
DA:69,1
DA:70,1
DA:71,1
DA:72,1
DA:73,1
DA:74,1
DA:75,1
DA:76,1
DA:77,0
DA:78,0
DA:79,1
DA:80,1
DA:81,1
DA:82,1
DA:83,1
DA:84,1
DA:85,1
DA:86,0
DA:87,0
DA:88,0
DA:89,0
DA:90,0
DA:91,0
DA:92,0
DA:93,0
DA:94,0
DA:95,0
DA:96,0
DA:97,0
DA:98,0
DA:99,1
DA:100,1
DA:101,0
DA:102,0
DA:103,0
DA:104,0
DA:105,0
DA:106,0
DA:107,0
DA:108,0
DA:109,0
DA:110,0
DA:111,0
DA:112,0
DA:113,0
DA:114,1
DA:115,1
DA:116,1
LF:116
LH:82
BRDA:8,0,0,2
BRDA:12,1,0,1
BRDA:26,2,0,0
BRDA:31,3,0,1
BRDA:38,4,0,0
BRDA:42,5,0,1
BRDA:47,6,0,0
BRDA:53,7,0,1
BRDA:57,8,0,0
BRDA:58,9,0,0
BRDA:59,10,0,0
BRDA:60,11,0,0
BRDA:63,12,0,0
BRDA:70,13,0,1
BRDA:76,14,0,0
BRF:15
BRH:6
end_of_record
TN:
SF:src\presentation\videogames\controller.ts
FN:8,VideogamesController
FN:13,VideogamesController.createVideogames
FN:28,VideogamesController.findAllVideogames
FN:37,VideogamesController.findOneVideogames
FN:64,VideogamesController.updateVideogames
FN:84,VideogamesController.deleteVideogames
FNF:6
FNH:6
FNDA:1,VideogamesController
FNDA:1,VideogamesController.createVideogames
FNDA:1,VideogamesController.findAllVideogames
FNDA:1,VideogamesController.findOneVideogames
FNDA:1,VideogamesController.updateVideogames
FNDA:1,VideogamesController.deleteVideogames
DA:1,1
DA:2,1
DA:3,1
DA:4,1
DA:5,1
DA:6,1
DA:7,1
DA:8,1
DA:9,1
DA:10,1
DA:11,1
DA:12,1
DA:13,1
DA:14,1
DA:15,1
DA:16,1
DA:17,1
DA:18,1
DA:19,1
DA:20,1
DA:21,1
DA:22,0
DA:23,1
DA:24,1
DA:25,1
DA:26,1
DA:27,1
DA:28,1
DA:29,1
DA:30,1
DA:31,1
DA:32,1
DA:33,1
DA:34,1
DA:35,1
DA:36,1
DA:37,1
DA:38,1
DA:39,1
DA:40,1
DA:41,1
DA:42,1
DA:43,1
DA:44,1
DA:45,1
DA:46,1
DA:47,1
DA:48,1
DA:49,1
DA:50,1
DA:51,1
DA:52,1
DA:53,1
DA:54,1
DA:55,1
DA:56,1
DA:57,1
DA:58,1
DA:59,1
DA:60,1
DA:61,1
DA:62,1
DA:63,1
DA:64,1
DA:65,1
DA:66,1
DA:67,1
DA:68,1
DA:69,0
DA:70,0
DA:71,1
DA:72,1
DA:73,1
DA:74,1
DA:75,1
DA:76,1
DA:77,0
DA:78,0
DA:79,1
DA:80,1
DA:81,1
DA:82,1
DA:83,1
DA:84,1
DA:85,1
DA:86,1
DA:87,1
DA:88,0
DA:89,0
DA:90,1
DA:91,1
DA:92,1
DA:93,1
DA:94,1
DA:95,1
DA:96,1
DA:97,0
DA:98,1
DA:99,1
DA:100,1
DA:101,1
DA:102,1
LF:102
LH:94
BRDA:8,0,0,1
BRDA:13,1,0,1
BRDA:18,2,0,1
BRDA:28,3,0,1
BRDA:32,4,0,1
BRDA:37,5,0,1
BRDA:42,6,0,1
BRDA:64,7,0,1
BRDA:68,8,0,0
BRDA:73,9,0,1
BRDA:84,10,0,1
BRDA:87,11,0,0
BRDA:93,12,0,1
BRF:13
BRH:11
end_of_record
TN:
SF:test\test-server.ts
FNF:0
FNH:0
DA:1,1
DA:2,1
DA:3,1
DA:4,1
DA:5,1
DA:6,1
DA:7,1
DA:8,1
DA:9,1
LF:9
LH:9
BRF:0
BRH:0
end_of_record
